<?xml version="1.0" encoding="utf-8"?><testsuites><testsuite name="pytest" errors="0" failures="0" skipped="0" tests="3" time="0.506" timestamp="2024-03-15T17:13:41.499067" hostname="DESKTOP-A9EMOAB"><testcase classname="testcases.product_manage.test_mashang.Test" name="test_baili[caseinfo0]" time="0.221" /><testcase classname="testcases.test_jiaoyu.TestJiaoyu" name="test_hanhai" time="0.001" /><testcase classname="testcases.user_manage.test_api.TestApi" name="test_01_get_token[caseinfo0]" time="0.095" /></testsuite></testsuites>